<?xml version="1.0" encoding="UTF-8"?>
<testng-results total="1" passed="1" failed="0" skipped="0">
  <reporter-output>
  </reporter-output>
  <suite started-at="2022-04-21T12:31:41Z" name="Default suite" finished-at="2022-04-21T12:31:44Z" duration-ms="3484">
    <groups>
    </groups>
    <test started-at="2022-04-21T12:31:41Z" name="Default test" finished-at="2022-04-21T12:31:44Z" duration-ms="3484">
      <class name="Aunthetication.Auoth2_0">
        <test-method signature="auth2_0()[pri:0, instance:Aunthetication.Auoth2_0@5c669da8]" started-at="2022-04-21T18:01:41Z" name="auth2_0" finished-at="2022-04-21T18:01:44Z" duration-ms="3470" status="PASS">
          <reporter-output>
          </reporter-output>
        </test-method> <!-- auth2_0 -->
      </class> <!-- Aunthetication.Auoth2_0 -->
    </test> <!-- Default test -->
  </suite> <!-- Default suite -->
</testng-results>
